2021-03-01 20:44:49 [main] INFO  org.apache.coyote.http11.Http11NioProtocol - Initializing ProtocolHandler ["http-nio-8003"]
2021-03-01 20:44:49 [main] INFO  org.apache.catalina.core.StandardService - Starting service [Tomcat]
2021-03-01 20:44:49 [main] INFO  org.apache.catalina.core.StandardEngine - Starting Servlet Engine: Apache Tomcat/8.5.32
2021-03-01 20:44:49 [localhost-startStop-1] INFO  org.apache.catalina.core.AprLifecycleListener - Loaded APR based Apache Tomcat Native library [1.2.14] using APR version [1.6.2].
2021-03-01 20:44:49 [localhost-startStop-1] INFO  org.apache.catalina.core.AprLifecycleListener - APR capabilities: IPv6 [true], sendfile [true], accept filters [false], random [true].
2021-03-01 20:44:49 [localhost-startStop-1] INFO  org.apache.catalina.core.AprLifecycleListener - APR/OpenSSL configuration: useAprConnector [false], useOpenSSL [true]
2021-03-01 20:44:50 [localhost-startStop-1] INFO  org.apache.catalina.core.AprLifecycleListener - OpenSSL successfully initialized [OpenSSL 1.0.2l  25 May 2017]
2021-03-01 20:44:50 [localhost-startStop-1] INFO  o.a.c.core.ContainerBase.[Tomcat].[localhost].[/] - Initializing Spring embedded WebApplicationContext
2021-03-01 20:44:50 [main] INFO  org.apache.catalina.core.StandardService - Stopping service [Tomcat]
2021-03-01 20:55:40 [main] DEBUG c.b.m.autoconfigure.MybatisPlusAutoConfiguration - Searching for mappers annotated with @Mapper
2021-03-01 20:55:40 [main] DEBUG c.b.m.autoconfigure.MybatisPlusAutoConfiguration - Using auto-configuration base package 'com.nacos.provider'
2021-03-01 20:55:40 [main] DEBUG o.m.s.boot.autoconfigure.MybatisAutoConfiguration - Searching for mappers annotated with @Mapper
2021-03-01 20:55:40 [main] DEBUG o.m.s.boot.autoconfigure.MybatisAutoConfiguration - Using auto-configuration base package 'com.nacos.provider'
2021-03-01 20:55:40 [main] INFO  org.apache.coyote.http11.Http11NioProtocol - Initializing ProtocolHandler ["http-nio-8003"]
2021-03-01 20:55:40 [main] INFO  org.apache.catalina.core.StandardService - Starting service [Tomcat]
2021-03-01 20:55:40 [main] INFO  org.apache.catalina.core.StandardEngine - Starting Servlet Engine: Apache Tomcat/8.5.32
2021-03-01 20:55:40 [localhost-startStop-1] INFO  org.apache.catalina.core.AprLifecycleListener - Loaded APR based Apache Tomcat Native library [1.2.14] using APR version [1.6.2].
2021-03-01 20:55:40 [localhost-startStop-1] INFO  org.apache.catalina.core.AprLifecycleListener - APR capabilities: IPv6 [true], sendfile [true], accept filters [false], random [true].
2021-03-01 20:55:40 [localhost-startStop-1] INFO  org.apache.catalina.core.AprLifecycleListener - APR/OpenSSL configuration: useAprConnector [false], useOpenSSL [true]
2021-03-01 20:55:41 [localhost-startStop-1] INFO  org.apache.catalina.core.AprLifecycleListener - OpenSSL successfully initialized [OpenSSL 1.0.2l  25 May 2017]
2021-03-01 20:55:42 [localhost-startStop-1] INFO  o.a.c.core.ContainerBase.[Tomcat].[localhost].[/] - Initializing Spring embedded WebApplicationContext
2021-03-01 20:55:42 [main] INFO  org.apache.catalina.core.StandardService - Stopping service [Tomcat]
2021-03-01 20:57:39 [main] DEBUG c.b.m.autoconfigure.MybatisPlusAutoConfiguration - Searching for mappers annotated with @Mapper
2021-03-01 20:57:39 [main] DEBUG c.b.m.autoconfigure.MybatisPlusAutoConfiguration - Using auto-configuration base package 'com.nacos.provider'
2021-03-01 20:57:39 [main] DEBUG o.m.s.boot.autoconfigure.MybatisAutoConfiguration - Searching for mappers annotated with @Mapper
2021-03-01 20:57:39 [main] DEBUG o.m.s.boot.autoconfigure.MybatisAutoConfiguration - Using auto-configuration base package 'com.nacos.provider'
2021-03-01 20:57:40 [main] INFO  org.apache.coyote.http11.Http11NioProtocol - Initializing ProtocolHandler ["http-nio-8003"]
2021-03-01 20:57:40 [main] INFO  org.apache.catalina.core.StandardService - Starting service [Tomcat]
2021-03-01 20:57:40 [main] INFO  org.apache.catalina.core.StandardEngine - Starting Servlet Engine: Apache Tomcat/8.5.32
2021-03-01 20:57:40 [localhost-startStop-1] INFO  org.apache.catalina.core.AprLifecycleListener - Loaded APR based Apache Tomcat Native library [1.2.14] using APR version [1.6.2].
2021-03-01 20:57:40 [localhost-startStop-1] INFO  org.apache.catalina.core.AprLifecycleListener - APR capabilities: IPv6 [true], sendfile [true], accept filters [false], random [true].
2021-03-01 20:57:40 [localhost-startStop-1] INFO  org.apache.catalina.core.AprLifecycleListener - APR/OpenSSL configuration: useAprConnector [false], useOpenSSL [true]
2021-03-01 20:57:41 [localhost-startStop-1] INFO  org.apache.catalina.core.AprLifecycleListener - OpenSSL successfully initialized [OpenSSL 1.0.2l  25 May 2017]
2021-03-01 20:57:41 [localhost-startStop-1] INFO  o.a.c.core.ContainerBase.[Tomcat].[localhost].[/] - Initializing Spring embedded WebApplicationContext
2021-03-01 20:57:41 [main] INFO  org.apache.catalina.core.StandardService - Stopping service [Tomcat]
2021-03-01 20:58:12 [main] DEBUG c.b.m.autoconfigure.MybatisPlusAutoConfiguration - Searching for mappers annotated with @Mapper
2021-03-01 20:58:12 [main] DEBUG c.b.m.autoconfigure.MybatisPlusAutoConfiguration - Using auto-configuration base package 'com.nacos.provider'
2021-03-01 20:58:12 [main] DEBUG o.m.s.boot.autoconfigure.MybatisAutoConfiguration - Searching for mappers annotated with @Mapper
2021-03-01 20:58:12 [main] DEBUG o.m.s.boot.autoconfigure.MybatisAutoConfiguration - Using auto-configuration base package 'com.nacos.provider'
2021-03-01 20:58:13 [main] INFO  org.apache.coyote.http11.Http11NioProtocol - Initializing ProtocolHandler ["http-nio-8003"]
2021-03-01 20:58:13 [main] INFO  org.apache.catalina.core.StandardService - Starting service [Tomcat]
2021-03-01 20:58:13 [main] INFO  org.apache.catalina.core.StandardEngine - Starting Servlet Engine: Apache Tomcat/8.5.32
2021-03-01 20:58:13 [localhost-startStop-1] INFO  org.apache.catalina.core.AprLifecycleListener - Loaded APR based Apache Tomcat Native library [1.2.14] using APR version [1.6.2].
2021-03-01 20:58:13 [localhost-startStop-1] INFO  org.apache.catalina.core.AprLifecycleListener - APR capabilities: IPv6 [true], sendfile [true], accept filters [false], random [true].
2021-03-01 20:58:13 [localhost-startStop-1] INFO  org.apache.catalina.core.AprLifecycleListener - APR/OpenSSL configuration: useAprConnector [false], useOpenSSL [true]
2021-03-01 20:58:14 [localhost-startStop-1] INFO  org.apache.catalina.core.AprLifecycleListener - OpenSSL successfully initialized [OpenSSL 1.0.2l  25 May 2017]
2021-03-01 20:58:14 [localhost-startStop-1] INFO  o.a.c.core.ContainerBase.[Tomcat].[localhost].[/] - Initializing Spring embedded WebApplicationContext
2021-03-01 20:58:14 [main] INFO  org.apache.catalina.core.StandardService - Stopping service [Tomcat]
2021-03-01 20:59:41 [main] DEBUG c.b.m.autoconfigure.MybatisPlusAutoConfiguration - Searching for mappers annotated with @Mapper
2021-03-01 20:59:41 [main] DEBUG c.b.m.autoconfigure.MybatisPlusAutoConfiguration - Using auto-configuration base package 'com.nacos.provider'
2021-03-01 20:59:41 [main] DEBUG o.m.s.boot.autoconfigure.MybatisAutoConfiguration - Searching for mappers annotated with @Mapper
2021-03-01 20:59:41 [main] DEBUG o.m.s.boot.autoconfigure.MybatisAutoConfiguration - Using auto-configuration base package 'com.nacos.provider'
2021-03-01 20:59:42 [main] INFO  org.apache.coyote.http11.Http11NioProtocol - Initializing ProtocolHandler ["http-nio-8003"]
2021-03-01 20:59:42 [main] INFO  org.apache.catalina.core.StandardService - Starting service [Tomcat]
2021-03-01 20:59:42 [main] INFO  org.apache.catalina.core.StandardEngine - Starting Servlet Engine: Apache Tomcat/8.5.32
2021-03-01 20:59:42 [localhost-startStop-1] INFO  org.apache.catalina.core.AprLifecycleListener - Loaded APR based Apache Tomcat Native library [1.2.14] using APR version [1.6.2].
2021-03-01 20:59:42 [localhost-startStop-1] INFO  org.apache.catalina.core.AprLifecycleListener - APR capabilities: IPv6 [true], sendfile [true], accept filters [false], random [true].
2021-03-01 20:59:42 [localhost-startStop-1] INFO  org.apache.catalina.core.AprLifecycleListener - APR/OpenSSL configuration: useAprConnector [false], useOpenSSL [true]
2021-03-01 20:59:43 [localhost-startStop-1] INFO  org.apache.catalina.core.AprLifecycleListener - OpenSSL successfully initialized [OpenSSL 1.0.2l  25 May 2017]
2021-03-01 20:59:43 [localhost-startStop-1] INFO  o.a.c.core.ContainerBase.[Tomcat].[localhost].[/] - Initializing Spring embedded WebApplicationContext
2021-03-01 20:59:43 [main] INFO  org.apache.catalina.core.StandardService - Stopping service [Tomcat]
2021-03-01 21:00:02 [main] DEBUG c.b.m.autoconfigure.MybatisPlusAutoConfiguration - Searching for mappers annotated with @Mapper
2021-03-01 21:00:02 [main] DEBUG c.b.m.autoconfigure.MybatisPlusAutoConfiguration - Using auto-configuration base package 'com.nacos.provider'
2021-03-01 21:00:02 [main] DEBUG o.m.s.boot.autoconfigure.MybatisAutoConfiguration - Searching for mappers annotated with @Mapper
2021-03-01 21:00:02 [main] DEBUG o.m.s.boot.autoconfigure.MybatisAutoConfiguration - Using auto-configuration base package 'com.nacos.provider'
2021-03-01 21:00:03 [main] INFO  org.apache.coyote.http11.Http11NioProtocol - Initializing ProtocolHandler ["http-nio-8003"]
2021-03-01 21:00:03 [main] INFO  org.apache.catalina.core.StandardService - Starting service [Tomcat]
2021-03-01 21:00:03 [main] INFO  org.apache.catalina.core.StandardEngine - Starting Servlet Engine: Apache Tomcat/8.5.32
2021-03-01 21:00:03 [localhost-startStop-1] INFO  org.apache.catalina.core.AprLifecycleListener - Loaded APR based Apache Tomcat Native library [1.2.14] using APR version [1.6.2].
2021-03-01 21:00:03 [localhost-startStop-1] INFO  org.apache.catalina.core.AprLifecycleListener - APR capabilities: IPv6 [true], sendfile [true], accept filters [false], random [true].
2021-03-01 21:00:03 [localhost-startStop-1] INFO  org.apache.catalina.core.AprLifecycleListener - APR/OpenSSL configuration: useAprConnector [false], useOpenSSL [true]
2021-03-01 21:00:04 [localhost-startStop-1] INFO  org.apache.catalina.core.AprLifecycleListener - OpenSSL successfully initialized [OpenSSL 1.0.2l  25 May 2017]
2021-03-01 21:00:04 [localhost-startStop-1] INFO  o.a.c.core.ContainerBase.[Tomcat].[localhost].[/] - Initializing Spring embedded WebApplicationContext
2021-03-01 21:00:04 [main] INFO  org.apache.catalina.core.StandardService - Stopping service [Tomcat]
